
[2025-11-12 20:25:57] ========== BEGGINING OF ETLs EXECUTION ==========
[2025-11-12 20:25:57] Initializing etls.etl_product_id
[2025-11-12 20:26:22] Finished etls.etl_product_id in 24.98 seconds
[2025-11-12 20:26:22] Initializing etls.etl_items
[2025-11-12 20:32:00] ========== BEGGINING OF ETLs EXECUTION ==========
[2025-11-12 20:32:00] Initializing etls.etl_product_id
[2025-11-12 20:32:20] Finished etls.etl_product_id in 20.03 seconds
[2025-11-12 20:32:20] Initializing etls.etl_items
[2025-11-12 20:33:04] ========== BEGGINING OF ETLs EXECUTION ==========
[2025-11-12 20:33:04] Initializing etls.etl_product_id
[2025-11-12 20:33:24] Finished etls.etl_product_id in 20.50 seconds
[2025-11-12 20:33:24] Initializing etls.etl_items
[2025-11-12 20:37:53] Finished etls.etl_items in 268.39 seconds
[2025-11-12 20:37:53] Initializing etls.etl_currency_convertion
[2025-11-12 20:38:56] Finished etls.etl_currency_convertion in 62.81 seconds
[2025-11-12 20:38:56] Initializing etls.etl_sellers
[2025-11-12 20:43:10] Finished etls.etl_sellers in 254.63 seconds
[2025-11-12 20:43:10] ========== END OF ETLs EXECUTION ==========
[2025-11-12 20:55:43] ========== BEGGINING OF ETLs EXECUTION ==========
[2025-11-12 20:55:43] Initializing etls.etl_product_id
[2025-11-12 21:01:33] Finished etls.etl_product_id in 350.26 seconds
[2025-11-12 21:01:33] Initializing etls.etl_items
[2025-11-12 21:04:19] Finished etls.etl_items in 165.56 seconds
[2025-11-12 21:04:19] Initializing etls.etl_currency_convertion
[2025-11-12 21:04:36] Finished etls.etl_currency_convertion in 17.40 seconds
[2025-11-12 21:04:36] Initializing etls.etl_sellers
[2025-11-12 21:05:13] Finished etls.etl_sellers in 36.66 seconds
[2025-11-12 21:05:13] ========== END OF ETLs EXECUTION ==========
[2025-11-12 21:48:00] ========== BEGGINING OF ETLs EXECUTION ==========
[2025-11-12 21:48:00] Initializing etls.etl_product_id
[2025-11-12 21:48:52] Finished etls.etl_product_id in 51.89 seconds
[2025-11-12 21:48:52] Initializing etls.etl_items
[2025-11-12 21:50:11] Finished etls.etl_items in 78.62 seconds
[2025-11-12 21:50:11] Initializing etls.etl_currency_convertion
[2025-11-12 21:51:21] Finished etls.etl_currency_convertion in 70.71 seconds
[2025-11-12 21:51:21] Initializing etls.etl_sellers
[2025-11-12 21:52:32] Finished etls.etl_sellers in 71.02 seconds
[2025-11-12 21:52:32] ========== END OF ETLs EXECUTION ==========
